\BOOKMARK [1][-]{section*.1}{\376\377\003\225\003\271\003\303\003\261\003\263\003\311\003\263\003\256}{}% 1
\BOOKMARK [1][-]{section.1}{\376\377\003\240\003\265\003\301\003\271\003\263\003\301\003\261\003\306\003\256\000\040\003\233\003\265\003\271\003\304\003\277\003\305\003\301\003\263\003\257\003\261\003\302\000\040\003\234\003\265\003\304\003\261\003\304\003\301\003\277\003\300\003\255\003\261\003\302\000\040\003\245\003\300\003\277\003\262\003\271\003\262\003\261\003\303\003\274\003\277\003\315}{}% 2
\BOOKMARK [2][-]{subsection.1.1}{\376\377\003\234\003\265\003\304\003\261\003\304\003\301\003\277\003\300\003\255\003\261\003\302\000\040\003\305\003\300\003\277\003\262\003\271\003\262\003\261\003\303\003\274\003\277\003\315}{section.1}% 3
\BOOKMARK [3][-]{subsubsection.1.1.1}{\376\377\003\232\003\273\003\265\003\271\003\303\003\304\003\314\003\302\000\040\003\224\003\271\003\261\003\272\003\314\003\300\003\304\003\267\003\302\000\040\000\050\003\246\0001\000\051}{subsection.1.1}% 4
\BOOKMARK [3][-]{subsubsection.1.1.2}{\376\377\003\221\003\275\003\277\003\271\003\307\003\304\003\314\003\302\000\040\003\224\003\271\003\261\003\272\003\314\003\300\003\304\003\267\003\302\000\040\000\050\003\246\0002\000\051}{subsection.1.1}% 5
\BOOKMARK [2][-]{subsection.1.2}{\376\377\003\225\003\273\003\265\003\263\003\307\003\314\003\274\003\265\003\275\003\277\003\302\000\040\003\274\003\265\003\304\003\261\003\304\003\301\003\277\003\300\003\255\003\261\003\302\000\040\003\305\003\300\003\277\003\262\003\271\003\262\003\261\003\303\003\274\003\277\003\315}{section.1}% 6
\BOOKMARK [1][-]{section.2}{\376\377\003\234\003\265\003\304\003\261\003\304\003\301\003\277\003\300\003\255\003\261\003\302\000\040\003\245\003\300\003\277\003\262\003\271\003\262\003\261\003\303\003\274\003\277\003\315}{}% 7
\BOOKMARK [2][-]{subsection.2.1}{\376\377\000D\000u\000t\000y\000\040\000C\000y\000c\000l\000e\000\040\000=\000\040\0000\000.\0005\000\040\000-\000\040\000L\000\040\000=\000\040\0000\000.\0000\0000\0001\000H}{section.2}% 8
\BOOKMARK [3][-]{subsubsection.2.1.1}{\376\377\003\241\003\265\003\315\003\274\003\261\000\040\003\300\003\267\003\275\003\257\003\277\003\305}{subsection.2.1}% 9
\BOOKMARK [3][-]{subsubsection.2.1.2}{\376\377\003\241\003\265\003\315\003\274\003\261\000\040\003\300\003\305\003\272\003\275\003\311\003\304\003\256}{subsection.2.1}% 10
\BOOKMARK [3][-]{subsubsection.2.1.3}{\376\377\003\244\003\254\003\303\003\267\000\040\003\300\003\305\003\272\003\275\003\311\003\304\003\256}{subsection.2.1}% 11
\BOOKMARK [2][-]{subsection.2.2}{\376\377\000D\000u\000t\000y\000\040\000C\000y\000c\000l\000e\000\040\000=\000\040\0000\000.\0005\000\040\000-\000\040\000L\000\040\000=\000\040\0000\000.\0000\0001\000H}{section.2}% 12
\BOOKMARK [3][-]{subsubsection.2.2.1}{\376\377\003\241\003\265\003\315\003\274\003\261\000\040\003\300\003\267\003\275\003\257\003\277\003\305}{subsection.2.2}% 13
\BOOKMARK [3][-]{subsubsection.2.2.2}{\376\377\003\241\003\265\003\315\003\274\003\261\000\040\003\300\003\305\003\272\003\275\003\311\003\304\003\256}{subsection.2.2}% 14
\BOOKMARK [3][-]{subsubsection.2.2.3}{\376\377\003\244\003\254\003\303\003\267\000\040\003\300\003\305\003\272\003\275\003\311\003\304\003\256}{subsection.2.2}% 15
\BOOKMARK [2][-]{subsection.2.3}{\376\377\000D\000u\000t\000y\000\040\000C\000y\000c\000l\000e\000\040\000=\000\040\0000\000.\0008\000\040\000-\000\040\000L\000\040\000=\000\040\0000\000.\0000\0000\0001\000H}{section.2}% 16
\BOOKMARK [3][-]{subsubsection.2.3.1}{\376\377\003\241\003\265\003\315\003\274\003\261\000\040\003\300\003\267\003\275\003\257\003\277\003\305}{subsection.2.3}% 17
\BOOKMARK [3][-]{subsubsection.2.3.2}{\376\377\003\241\003\265\003\315\003\274\003\261\000\040\003\300\003\305\003\272\003\275\003\311\003\304\003\256}{subsection.2.3}% 18
\BOOKMARK [3][-]{subsubsection.2.3.3}{\376\377\003\244\003\254\003\303\003\267\000\040\003\300\003\305\003\272\003\275\003\311\003\304\003\256}{subsection.2.3}% 19
\BOOKMARK [2][-]{subsection.2.4}{\376\377\003\243\003\315\003\263\003\272\003\301\003\271\003\303\003\267\000\040\003\265\003\300\003\257\003\264\003\301\003\261\003\303\003\267\003\302\000\040\003\300\003\261\003\301\003\261\003\274\003\255\003\304\003\301\003\311\003\275}{section.2}% 20
